<?xml version="1.0" encoding="UTF-8"?>
<!-- Generated by org.testng.reporters.JUnitXMLReporter -->
<testsuite hostname="mars-mini.allies.local" name="AutomationFramework" tests="2" failures="1" timestamp="19 Sep 2014 08:26:41 GMT" time="57.778" errors="0">
  <testcase name="testSignIn" time="30.13" classname="AutomationFramework.TestModules"/>
  <testcase name="testSignInValidationMessages" time="19.6" classname="AutomationFramework.TestModules">
    <failure type="org.openqa.selenium.NoSuchElementException" message="Unable to locate element: {&amp;quot;method&amp;quot;:&amp;quot;xpath&amp;quot;,&amp;quot;selector&amp;quot;:&amp;quot;html/body/div[2]/section/article/form/div[1]&amp;quot;}
Command duration or timeout: 2.04 seconds
For documentation on this error, please visit: http://seleniumhq.org/exceptions/no_such_element.html
Build info: version: &amp;apos;2.42.2&amp;apos;, revision: &amp;apos;6a6995d&amp;apos;, time: &amp;apos;2014-06-03 17:42:30&amp;apos;
System info: host: &amp;apos;mars-mini.allies.local&amp;apos;, ip: &amp;apos;192.168.1.186&amp;apos;, os.name: &amp;apos;Mac OS X&amp;apos;, os.arch: &amp;apos;x86_64&amp;apos;, os.version: &amp;apos;10.8.5&amp;apos;, java.version: &amp;apos;1.6.0_65&amp;apos;
Session ID: 6935715a-2968-ca4a-9f17-008dde67b5f1
Driver info: org.openqa.selenium.firefox.FirefoxDriver
Capabilities [{platform=MAC, acceptSslCerts=true, javascriptEnabled=true, browserName=firefox, rotatable=false, locationContextEnabled=true, version=31.0, cssSelectorsEnabled=true, databaseEnabled=true, handlesAlerts=true, nativeEvents=false, webStorageEnabled=true, applicationCacheEnabled=true, takesScreenshot=true}]">
      <![CDATA[org.openqa.selenium.NoSuchElementException: Unable to locate element: {"method":"xpath","selector":"html/body/div[2]/section/article/form/div[1]"}
Command duration or timeout: 2.04 seconds
For documentation on this error, please visit: http://seleniumhq.org/exceptions/no_such_element.html
Build info: version: '2.42.2', revision: '6a6995d', time: '2014-06-03 17:42:30'
System info: host: 'mars-mini.allies.local', ip: '192.168.1.186', os.name: 'Mac OS X', os.arch: 'x86_64', os.version: '10.8.5', java.version: '1.6.0_65'
Session ID: 6935715a-2968-ca4a-9f17-008dde67b5f1
Driver info: org.openqa.selenium.firefox.FirefoxDriver
Capabilities [{platform=MAC, acceptSslCerts=true, javascriptEnabled=true, browserName=firefox, rotatable=false, locationContextEnabled=true, version=31.0, cssSelectorsEnabled=true, databaseEnabled=true, handlesAlerts=true, nativeEvents=false, webStorageEnabled=true, applicationCacheEnabled=true, takesScreenshot=true}]
	at org.openqa.selenium.remote.ErrorHandler.createThrowable(ErrorHandler.java:204)
	at org.openqa.selenium.remote.ErrorHandler.throwIfResponseFailed(ErrorHandler.java:156)
	at org.openqa.selenium.remote.RemoteWebDriver.execute(RemoteWebDriver.java:599)
	at org.openqa.selenium.remote.RemoteWebDriver.findElement(RemoteWebDriver.java:352)
	at org.openqa.selenium.remote.RemoteWebDriver.findElementByXPath(RemoteWebDriver.java:449)
	at org.openqa.selenium.By$ByXPath.findElement(By.java:357)
	at org.openqa.selenium.remote.RemoteWebDriver.findElement(RemoteWebDriver.java:344)
	at pageObject.SignIn_Page.Error_message(SignIn_Page.java:71)
	at testCases.testSignInValidationMessages.test_Validation_With_Only_Email(testSignInValidationMessages.java:108)
	at testCases.testSignInValidationMessages.test_signIN_Email_Validation(testSignInValidationMessages.java:74)
	at testCases.testSignInValidationMessages.Execute(testSignInValidationMessages.java:58)
	at AutomationFramework.TestModules.testSignInValidationMessages(TestModules.java:49)
Caused by: org.openqa.selenium.remote.ErrorHandler$UnknownServerException: Unable to locate element: {"method":"xpath","selector":"html/body/div[2]/section/article/form/div[1]"}
Build info: version: '2.42.2', revision: '6a6995d', time: '2014-06-03 17:42:30'
System info: host: 'mars-mini.allies.local', ip: '192.168.1.186', os.name: 'Mac OS X', os.arch: 'x86_64', os.version: '10.8.5', java.version: '1.6.0_65'
Driver info: driver.version: unknown
	at <anonymous class>.FirefoxDriver.prototype.findElementInternal_(file:///var/folders/7s/_4pwmzh949dblw2yywnxmjd80000gq/T/anonymous7365460988268841402webdriver-profile/extensions/fxdriver@googlecode.com/components/driver_component.js:9470:133)
	at <anonymous class>.FirefoxDriver.prototype.findElement(file:///var/folders/7s/_4pwmzh949dblw2yywnxmjd80000gq/T/anonymous7365460988268841402webdriver-profile/extensions/fxdriver@googlecode.com/components/driver_component.js:9479:3)
	at <anonymous class>.DelayedCommand.prototype.executeInternal_/h(file:///var/folders/7s/_4pwmzh949dblw2yywnxmjd80000gq/T/anonymous7365460988268841402webdriver-profile/extensions/fxdriver@googlecode.com/components/command_processor.js:11455:16)
	at <anonymous class>.DelayedCommand.prototype.executeInternal_(file:///var/folders/7s/_4pwmzh949dblw2yywnxmjd80000gq/T/anonymous7365460988268841402webdriver-profile/extensions/fxdriver@googlecode.com/components/command_processor.js:11460:7)
	at <anonymous class>.DelayedCommand.prototype.execute/<(file:///var/folders/7s/_4pwmzh949dblw2yywnxmjd80000gq/T/anonymous7365460988268841402webdriver-profile/extensions/fxdriver@googlecode.com/components/command_processor.js:11402:5)
... Removed 28 stack frames]]>
    </failure>
  </testcase> <!-- testSignInValidationMessages -->
</testsuite> <!-- AutomationFramework -->
