<html>
<head>
<title>TestNG:  AutomationFramework</title>
<link href="../testng.css" rel="stylesheet" type="text/css" />
<link href="../my-testng.css" rel="stylesheet" type="text/css" />

<style type="text/css">
.log { display: none;} 
.stack-trace { display: none;} 
</style>
<script type="text/javascript">
<!--
function flip(e) {
  current = e.style.display;
  if (current == 'block') {
    e.style.display = 'none';
    return 0;
  }
  else {
    e.style.display = 'block';
    return 1;
  }
}

function toggleBox(szDivId, elem, msg1, msg2)
{
  var res = -1;  if (document.getElementById) {
    res = flip(document.getElementById(szDivId));
  }
  else if (document.all) {
    // this is the way old msie versions work
    res = flip(document.all[szDivId]);
  }
  if(elem) {
    if(res == 0) elem.innerHTML = msg1; else elem.innerHTML = msg2;
  }

}

function toggleAllBoxes() {
  if (document.getElementsByTagName) {
    d = document.getElementsByTagName('div');
    for (i = 0; i < d.length; i++) {
      if (d[i].className == 'log') {
        flip(d[i]);
      }
    }
  }
}

// -->
</script>

</head>
<body>
<h2 align='center'>AutomationFramework</h2><table border='1' align="center">
<tr>
<td>Tests passed/Failed/Skipped:</td><td>1/1/0</td>
</tr><tr>
<td>Started on:</td><td>Fri Sep 19 13:55:44 GMT+05:30 2014</td>
</tr>
<tr><td>Total time:</td><td>57 seconds (57778 ms)</td>
</tr><tr>
<td>Included groups:</td><td></td>
</tr><tr>
<td>Excluded groups:</td><td></td>
</tr>
</table><p/>
<small><i>(Hover the method name to see the test class name)</i></small><p/>
<table width='100%' border='1' class='invocation-failed'>
<tr><td colspan='4' align='center'><b>FAILED TESTS</b></td></tr>
<tr><td><b>Test method</b></td>
<td width="30%"><b>Exception</b></td>
<td width="10%"><b>Time (seconds)</b></td>
<td><b>Instance</b></td>
</tr>
<tr>
<td title='AutomationFramework.TestModules.testSignInValidationMessages()'><b>testSignInValidationMessages</b><br>Test class: AutomationFramework.TestModules</td>
<td><div><pre>org.openqa.selenium.NoSuchElementException: Unable to locate element: {&quot;method&quot;:&quot;xpath&quot;,&quot;selector&quot;:&quot;html/body/div[2]/section/article/form/div[1]&quot;}
Command duration or timeout: 2.04 seconds
For documentation on this error, please visit: http://seleniumhq.org/exceptions/no_such_element.html
Build info: version: &apos;2.42.2&apos;, revision: &apos;6a6995d&apos;, time: &apos;2014-06-03 17:42:30&apos;
System info: host: &apos;mars-mini.allies.local&apos;, ip: &apos;192.168.1.186&apos;, os.name: &apos;Mac OS X&apos;, os.arch: &apos;x86_64&apos;, os.version: &apos;10.8.5&apos;, java.version: &apos;1.6.0_65&apos;
Session ID: 6935715a-2968-ca4a-9f17-008dde67b5f1
Driver info: org.openqa.selenium.firefox.FirefoxDriver
Capabilities [{platform=MAC, acceptSslCerts=true, javascriptEnabled=true, browserName=firefox, rotatable=false, locationContextEnabled=true, version=31.0, cssSelectorsEnabled=true, databaseEnabled=true, handlesAlerts=true, nativeEvents=false, webStorageEnabled=true, applicationCacheEnabled=true, takesScreenshot=true}]
	at org.openqa.selenium.remote.ErrorHandler.createThrowable(ErrorHandler.java:204)
	at org.openqa.selenium.remote.ErrorHandler.throwIfResponseFailed(ErrorHandler.java:156)
	at org.openqa.selenium.remote.RemoteWebDriver.execute(RemoteWebDriver.java:599)
	at org.openqa.selenium.remote.RemoteWebDriver.findElement(RemoteWebDriver.java:352)
	at org.openqa.selenium.remote.RemoteWebDriver.findElementByXPath(RemoteWebDriver.java:449)
	at org.openqa.selenium.By$ByXPath.findElement(By.java:357)
	at org.openqa.selenium.remote.RemoteWebDriver.findElement(RemoteWebDriver.java:344)
	at pageObject.SignIn_Page.Error_message(SignIn_Page.java:71)
	at testCases.testSignInValidationMessages.test_Validation_With_Only_Email(testSignInValidationMessages.java:108)
	at testCases.testSignInValidationMessages.test_signIN_Email_Validation(testSignInValidationMessages.java:74)
	at testCases.testSignInValidationMessages.Execute(testSignInValidationMessages.java:58)
	at AutomationFramework.TestModules.testSignInValidationMessages(TestModules.java:49)
Caused by: org.openqa.selenium.remote.ErrorHandler$UnknownServerException: Unable to locate element: {&quot;method&quot;:&quot;xpath&quot;,&quot;selector&quot;:&quot;html/body/div[2]/section/article/form/div[1]&quot;}
Build info: version: &apos;2.42.2&apos;, revision: &apos;6a6995d&apos;, time: &apos;2014-06-03 17:42:30&apos;
System info: host: &apos;mars-mini.allies.local&apos;, ip: &apos;192.168.1.186&apos;, os.name: &apos;Mac OS X&apos;, os.arch: &apos;x86_64&apos;, os.version: &apos;10.8.5&apos;, java.version: &apos;1.6.0_65&apos;
Driver info: driver.version: unknown
	at &lt;anonymous class&gt;.FirefoxDriver.prototype.findElementInternal_(file:///var/folders/7s/_4pwmzh949dblw2yywnxmjd80000gq/T/anonymous7365460988268841402webdriver-profile/extensions/fxdriver@googlecode.com/components/driver_component.js:9470:133)
	at &lt;anonymous class&gt;.FirefoxDriver.prototype.findElement(file:///var/folders/7s/_4pwmzh949dblw2yywnxmjd80000gq/T/anonymous7365460988268841402webdriver-profile/extensions/fxdriver@googlecode.com/components/driver_component.js:9479:3)
	at &lt;anonymous class&gt;.DelayedCommand.prototype.executeInternal_/h(file:///var/folders/7s/_4pwmzh949dblw2yywnxmjd80000gq/T/anonymous7365460988268841402webdriver-profile/extensions/fxdriver@googlecode.com/components/command_processor.js:11455:16)
	at &lt;anonymous class&gt;.DelayedCommand.prototype.executeInternal_(file:///var/folders/7s/_4pwmzh949dblw2yywnxmjd80000gq/T/anonymous7365460988268841402webdriver-profile/extensions/fxdriver@googlecode.com/components/command_processor.js:11460:7)
	at &lt;anonymous class&gt;.DelayedCommand.prototype.execute/&lt;(file:///var/folders/7s/_4pwmzh949dblw2yywnxmjd80000gq/T/anonymous7365460988268841402webdriver-profile/extensions/fxdriver@googlecode.com/components/command_processor.js:11402:5)
... Removed 28 stack frames</pre></div><a href='#' onClick='toggleBox("stack-trace661890634", this, "Click to show all stack frames", "Click to hide stack frames")'>Click to show all stack frames</a>
<div class='stack-trace' id='stack-trace661890634'><pre>org.openqa.selenium.NoSuchElementException: Unable to locate element: {&quot;method&quot;:&quot;xpath&quot;,&quot;selector&quot;:&quot;html/body/div[2]/section/article/form/div[1]&quot;}
Command duration or timeout: 2.04 seconds
For documentation on this error, please visit: http://seleniumhq.org/exceptions/no_such_element.html
Build info: version: &apos;2.42.2&apos;, revision: &apos;6a6995d&apos;, time: &apos;2014-06-03 17:42:30&apos;
System info: host: &apos;mars-mini.allies.local&apos;, ip: &apos;192.168.1.186&apos;, os.name: &apos;Mac OS X&apos;, os.arch: &apos;x86_64&apos;, os.version: &apos;10.8.5&apos;, java.version: &apos;1.6.0_65&apos;
Session ID: 6935715a-2968-ca4a-9f17-008dde67b5f1
Driver info: org.openqa.selenium.firefox.FirefoxDriver
Capabilities [{platform=MAC, acceptSslCerts=true, javascriptEnabled=true, browserName=firefox, rotatable=false, locationContextEnabled=true, version=31.0, cssSelectorsEnabled=true, databaseEnabled=true, handlesAlerts=true, nativeEvents=false, webStorageEnabled=true, applicationCacheEnabled=true, takesScreenshot=true}]
	at sun.reflect.NativeConstructorAccessorImpl.newInstance0(Native Method)
	at sun.reflect.NativeConstructorAccessorImpl.newInstance(NativeConstructorAccessorImpl.java:39)
	at sun.reflect.DelegatingConstructorAccessorImpl.newInstance(DelegatingConstructorAccessorImpl.java:27)
	at java.lang.reflect.Constructor.newInstance(Constructor.java:513)
	at org.openqa.selenium.remote.ErrorHandler.createThrowable(ErrorHandler.java:204)
	at org.openqa.selenium.remote.ErrorHandler.throwIfResponseFailed(ErrorHandler.java:156)
	at org.openqa.selenium.remote.RemoteWebDriver.execute(RemoteWebDriver.java:599)
	at org.openqa.selenium.remote.RemoteWebDriver.findElement(RemoteWebDriver.java:352)
	at org.openqa.selenium.remote.RemoteWebDriver.findElementByXPath(RemoteWebDriver.java:449)
	at org.openqa.selenium.By$ByXPath.findElement(By.java:357)
	at org.openqa.selenium.remote.RemoteWebDriver.findElement(RemoteWebDriver.java:344)
	at pageObject.SignIn_Page.Error_message(SignIn_Page.java:71)
	at testCases.testSignInValidationMessages.test_Validation_With_Only_Email(testSignInValidationMessages.java:108)
	at testCases.testSignInValidationMessages.test_signIN_Email_Validation(testSignInValidationMessages.java:74)
	at testCases.testSignInValidationMessages.Execute(testSignInValidationMessages.java:58)
	at AutomationFramework.TestModules.testSignInValidationMessages(TestModules.java:49)
	at sun.reflect.NativeMethodAccessorImpl.invoke0(Native Method)
	at sun.reflect.NativeMethodAccessorImpl.invoke(NativeMethodAccessorImpl.java:39)
	at sun.reflect.DelegatingMethodAccessorImpl.invoke(DelegatingMethodAccessorImpl.java:25)
	at java.lang.reflect.Method.invoke(Method.java:597)
	at org.testng.internal.MethodInvocationHelper.invokeMethod(MethodInvocationHelper.java:84)
	at org.testng.internal.Invoker.invokeMethod(Invoker.java:714)
	at org.testng.internal.Invoker.invokeTestMethod(Invoker.java:901)
	at org.testng.internal.Invoker.invokeTestMethods(Invoker.java:1231)
	at org.testng.internal.TestMethodWorker.invokeTestMethods(TestMethodWorker.java:127)
	at org.testng.internal.TestMethodWorker.run(TestMethodWorker.java:111)
	at org.testng.TestRunner.privateRun(TestRunner.java:767)
	at org.testng.TestRunner.run(TestRunner.java:617)
	at org.testng.SuiteRunner.runTest(SuiteRunner.java:334)
	at org.testng.SuiteRunner.runSequentially(SuiteRunner.java:329)
	at org.testng.SuiteRunner.privateRun(SuiteRunner.java:291)
	at org.testng.SuiteRunner.run(SuiteRunner.java:240)
	at org.testng.SuiteRunnerWorker.runSuite(SuiteRunnerWorker.java:52)
	at org.testng.SuiteRunnerWorker.run(SuiteRunnerWorker.java:86)
	at org.testng.TestNG.runSuitesSequentially(TestNG.java:1224)
	at org.testng.TestNG.runSuitesLocally(TestNG.java:1149)
	at org.testng.TestNG.run(TestNG.java:1057)
	at org.testng.remote.RemoteTestNG.run(RemoteTestNG.java:111)
	at org.testng.remote.RemoteTestNG.initAndRun(RemoteTestNG.java:204)
	at org.testng.remote.RemoteTestNG.main(RemoteTestNG.java:175)
Caused by: org.openqa.selenium.remote.ErrorHandler$UnknownServerException: Unable to locate element: {&quot;method&quot;:&quot;xpath&quot;,&quot;selector&quot;:&quot;html/body/div[2]/section/article/form/div[1]&quot;}
Build info: version: &apos;2.42.2&apos;, revision: &apos;6a6995d&apos;, time: &apos;2014-06-03 17:42:30&apos;
System info: host: &apos;mars-mini.allies.local&apos;, ip: &apos;192.168.1.186&apos;, os.name: &apos;Mac OS X&apos;, os.arch: &apos;x86_64&apos;, os.version: &apos;10.8.5&apos;, java.version: &apos;1.6.0_65&apos;
Driver info: driver.version: unknown
	at &lt;anonymous class&gt;.FirefoxDriver.prototype.findElementInternal_(file:///var/folders/7s/_4pwmzh949dblw2yywnxmjd80000gq/T/anonymous7365460988268841402webdriver-profile/extensions/fxdriver@googlecode.com/components/driver_component.js:9470:133)
	at &lt;anonymous class&gt;.FirefoxDriver.prototype.findElement(file:///var/folders/7s/_4pwmzh949dblw2yywnxmjd80000gq/T/anonymous7365460988268841402webdriver-profile/extensions/fxdriver@googlecode.com/components/driver_component.js:9479:3)
	at &lt;anonymous class&gt;.DelayedCommand.prototype.executeInternal_/h(file:///var/folders/7s/_4pwmzh949dblw2yywnxmjd80000gq/T/anonymous7365460988268841402webdriver-profile/extensions/fxdriver@googlecode.com/components/command_processor.js:11455:16)
	at &lt;anonymous class&gt;.DelayedCommand.prototype.executeInternal_(file:///var/folders/7s/_4pwmzh949dblw2yywnxmjd80000gq/T/anonymous7365460988268841402webdriver-profile/extensions/fxdriver@googlecode.com/components/command_processor.js:11460:7)
	at &lt;anonymous class&gt;.DelayedCommand.prototype.execute/&lt;(file:///var/folders/7s/_4pwmzh949dblw2yywnxmjd80000gq/T/anonymous7365460988268841402webdriver-profile/extensions/fxdriver@googlecode.com/components/command_processor.js:11402:5)
</pre></div></td>
<td>19</td>
<td>AutomationFramework.TestModules@31b5998f</td></tr>
</table><p>
<table width='100%' border='1' class='invocation-passed'>
<tr><td colspan='4' align='center'><b>PASSED TESTS</b></td></tr>
<tr><td><b>Test method</b></td>
<td width="30%"><b>Exception</b></td>
<td width="10%"><b>Time (seconds)</b></td>
<td><b>Instance</b></td>
</tr>
<tr>
<td title='AutomationFramework.TestModules.testSignIn()'><b>testSignIn</b><br>Test class: AutomationFramework.TestModules</td>
<td></td>
<td>30</td>
<td>AutomationFramework.TestModules@31b5998f</td></tr>
</table><p>
</body>
</html>