<?xml version="1.0" encoding="UTF-8"?>
<!-- Generated by org.testng.reporters.JUnitReportReporter -->
<testsuite hostname="mars-mini.allies.local" name="AutomationFramework.TestModules" tests="1" failures="1" timestamp="24 Sep 2014 11:05:59 GMT" time="194.368" errors="0">
  <testcase name="testUploadCloud" time="194.368" classname="AutomationFramework.TestModules">
    <failure type="java.lang.ExceptionInInitializerError">
      <![CDATA[java.lang.ExceptionInInitializerError
	at appModules.CloudUpload_action.gdriver_Upload_action(Unknown Source)
	at testCases.TestCloudUpload.testUpload_fullFilm_trailer_using_gDrive(Unknown Source)
	at testCases.TestCloudUpload.testUpload_using_gDrive(Unknown Source)
	at testCases.TestCloudUpload.Execute(Unknown Source)
	at AutomationFramework.TestModules.testUploadCloud(Unknown Source)
	at sun.reflect.NativeMethodAccessorImpl.invoke0(Native Method)
	at sun.reflect.NativeMethodAccessorImpl.invoke(NativeMethodAccessorImpl.java:57)
	at sun.reflect.DelegatingMethodAccessorImpl.invoke(DelegatingMethodAccessorImpl.java:43)
	at java.lang.reflect.Method.invoke(Method.java:606)
	at org.testng.internal.MethodInvocationHelper.invokeMethod(MethodInvocationHelper.java:84)
	at org.testng.internal.Invoker.invokeMethod(Invoker.java:714)
	at org.testng.internal.Invoker.invokeTestMethod(Invoker.java:901)
	at org.testng.internal.Invoker.invokeTestMethods(Invoker.java:1231)
	at org.testng.internal.TestMethodWorker.invokeTestMethods(TestMethodWorker.java:127)
	at org.testng.internal.TestMethodWorker.run(TestMethodWorker.java:111)
	at org.testng.TestRunner.privateRun(TestRunner.java:767)
	at org.testng.TestRunner.run(TestRunner.java:617)
	at org.testng.SuiteRunner.runTest(SuiteRunner.java:334)
	at org.testng.SuiteRunner.runSequentially(SuiteRunner.java:329)
	at org.testng.SuiteRunner.privateRun(SuiteRunner.java:291)
	at org.testng.SuiteRunner.run(SuiteRunner.java:240)
	at org.testng.SuiteRunnerWorker.runSuite(SuiteRunnerWorker.java:52)
	at org.testng.SuiteRunnerWorker.run(SuiteRunnerWorker.java:86)
	at org.testng.TestNG.runSuitesSequentially(TestNG.java:1224)
	at org.testng.TestNG.runSuitesLocally(TestNG.java:1149)
	at org.testng.TestNG.run(TestNG.java:1057)
	at org.testng.TestNG.privateMain(TestNG.java:1364)
	at org.testng.TestNG.main(TestNG.java:1333)
Caused by: java.awt.HeadlessException: 
No X11 DISPLAY variable was set, but this program performed an operation which requires it.
	at sun.java2d.HeadlessGraphicsEnvironment.getScreenDevices(HeadlessGraphicsEnvironment.java:72)
	at org.sikuli.script.Screen.<clinit>(Screen.java:26)
	... 28 more
]]>
    </failure>
  </testcase> <!-- testUploadCloud -->
</testsuite> <!-- AutomationFramework.TestModules -->
